<?xml version="1.0" encoding="UTF-8"?>
<!-- Generated by org.testng.reporters.JUnitReportReporter -->
<testsuite skipped="0" hostname="SRIHARI" name="Com.qa.TestCases.loginTest" tests="2" failures="0" timestamp="2020-03-12T13:43:53 IST" time="3.699" errors="0">
  <testcase name="loginToFlipkart" time="3.695" classname="Com.qa.TestCases.loginTest"/>
  <testcase name="screenshot" time="0.004" classname="Com.qa.TestCases.loginTest"/>
</testsuite> <!-- Com.qa.TestCases.loginTest -->
