<?xml version="1.0" encoding="UTF-8"?>
<!-- Generated by org.testng.reporters.JUnitReportReporter -->
<testsuite skipped="0" hostname="SRIHARI" name="Com.qa.base.testBase" tests="1" failures="0" timestamp="2020-02-29T15:27:01 IST" time="0.014" errors="0">
  <testcase name="hi" time="0.014" classname="Com.qa.base.testBase"/>
</testsuite> <!-- Com.qa.base.testBase -->
